  test.cpp
E:\cplusplus_code\realize_list\realize_list\list.h(118,27): error C2143: 语法错误: 缺少“;”(在“<”的前面)
E:\cplusplus_code\realize_list\realize_list\list.h(322): message : 查看对正在编译的 类 模板 实例化“mylist::list<T>”的引用
E:\cplusplus_code\realize_list\realize_list\list.h(118,1): error C4430: 缺少类型说明符 - 假定为 int。注意: C++ 不支持默认 int
E:\cplusplus_code\realize_list\realize_list\list.h(118,42): error C2238: 意外的标记位于“;”之前
E:\cplusplus_code\realize_list\realize_list\list.h(119,27): error C2059: 语法错误:“<”
E:\cplusplus_code\realize_list\realize_list\list.h(119,54): error C2238: 意外的标记位于“;”之前
E:\cplusplus_code\realize_list\realize_list\list.h(230,26): error C3646: “rbegin”: 未知重写说明符
E:\cplusplus_code\realize_list\realize_list\list.h(230,32): error C2059: 语法错误:“(”
E:\cplusplus_code\realize_list\realize_list\list.h(231,1): error C2334: “{”的前面有意外标记；跳过明显的函数体
E:\cplusplus_code\realize_list\realize_list\list.h(235,26): error C3646: “rend”: 未知重写说明符
E:\cplusplus_code\realize_list\realize_list\list.h(235,30): error C2059: 语法错误:“(”
E:\cplusplus_code\realize_list\realize_list\list.h(236,1): error C2334: “{”的前面有意外标记；跳过明显的函数体
E:\cplusplus_code\realize_list\realize_list\list.h(221,11): error C2955: “std::reverse_iterator”: 使用 类 模板 需要 模板 参数列表
C:\Program Files (x86)\Microsoft Visual Studio\2019\Community\VC\Tools\MSVC\14.29.30133\include\xutility(1636): message : 参见“std::reverse_iterator”的声明
E:\cplusplus_code\realize_list\realize_list\list.h(221,27): message : “reverse_iterator”: 函数声明必须可用，因为所有参数都不依赖于模板参数
E:\cplusplus_code\realize_list\realize_list\list.h(226,11): error C2955: “std::reverse_iterator”: 使用 类 模板 需要 模板 参数列表
C:\Program Files (x86)\Microsoft Visual Studio\2019\Community\VC\Tools\MSVC\14.29.30133\include\xutility(1636): message : 参见“std::reverse_iterator”的声明
E:\cplusplus_code\realize_list\realize_list\list.h(226,27): message : “reverse_iterator”: 函数声明必须可用，因为所有参数都不依赖于模板参数
E:\cplusplus_code\realize_list\realize_list\test.cpp(223,21): error C2039: "reverse_iterator": 不是 "mylist::list<int>" 的成员
E:\cplusplus_code\realize_list\realize_list\test.cpp(7): message : 参见“mylist::list<int>”的声明
E:\cplusplus_code\realize_list\realize_list\test.cpp(223,55): error C2514: “std::reverse_iterator”: 无法构建类模板
C:\Program Files (x86)\Microsoft Visual Studio\2019\Community\VC\Tools\MSVC\14.29.30133\include\xutility(1636): message : 参见“std::reverse_iterator”的声明
E:\cplusplus_code\realize_list\realize_list\test.cpp(224,13): error C2676: 二进制“!=”:“std::reverse_iterator”不定义该运算符或到预定义运算符可接收的类型的转换
E:\cplusplus_code\realize_list\realize_list\test.cpp(226,16): error C2678: 二进制“*”: 没有找到接受“std::reverse_iterator”类型的左操作数的运算符(或没有可接受的转换)
C:\Program Files (x86)\Microsoft Visual Studio\2019\Community\VC\Tools\MSVC\14.29.30133\include\xutility(1686,39): message : 可能是“iterator_traits<_Iter>::reference std::reverse_iterator<_BidIt>::operator *(void) const”
E:\cplusplus_code\realize_list\realize_list\test.cpp(226,16): message : 尝试匹配参数列表“(std::reverse_iterator)”时
E:\cplusplus_code\realize_list\realize_list\test.cpp(226,11): error C2100: 非法的间接寻址
E:\cplusplus_code\realize_list\realize_list\test.cpp(226,8): error C2088: “<<”: 对于 class 非法
E:\cplusplus_code\realize_list\realize_list\test.cpp(227,8): error C2678: 二进制“++”: 没有找到接受“std::reverse_iterator”类型的左操作数的运算符(或没有可接受的转换)
C:\Program Files (x86)\Microsoft Visual Studio\2019\Community\VC\Tools\MSVC\14.29.30133\include\xutility(1716,36): message : 可能是“std::reverse_iterator<_BidIt> &std::reverse_iterator<_BidIt>::operator ++(void)”
E:\cplusplus_code\realize_list\realize_list\test.cpp(227,8): message : 尝试匹配参数列表“(std::reverse_iterator)”时
